<?xml version="1.0" encoding="UTF-8"?>
<testng-results ignored="0" total="1" passed="1" failed="0" skipped="0">
  <reporter-output>
    <line>
      <![CDATA[You are now in currect page...........Dashboard « Stock Accounting]]>
    </line>
    <line>
      <![CDATA[you are in another url]]>
    </line>
    <line>
      <![CDATA[Stock-000003678      Stock-000003678]]>
    </line>
    <line>
      <![CDATA[you are in another url]]>
    </line>
    <line>
      <![CDATA[you are in another url]]>
    </line>
    <line>
      <![CDATA[Customer-00000013522     Customer-00000013522]]>
    </line>
  </reporter-output>
  <suite started-at="2024-12-09T11:51:44 IST" name="Surefire suite" finished-at="2024-12-09T11:53:13 IST" duration-ms="89111">
    <groups>
    </groups>
    <test started-at="2024-12-09T11:51:44 IST" name="Surefire test" finished-at="2024-12-09T11:53:13 IST" duration-ms="89111">
      <class name="driverFactory.AppTest">
        <test-method signature="startTest()[pri:0, instance:driverFactory.AppTest@3b07a0d6]" started-at="2024-12-09T11:51:44 IST" name="startTest" finished-at="2024-12-09T11:53:13 IST" duration-ms="88984" status="PASS">
          <reporter-output>
            <line>
              <![CDATA[You are now in currect page...........Dashboard « Stock Accounting]]>
            </line>
            <line>
              <![CDATA[you are in another url]]>
            </line>
            <line>
              <![CDATA[Stock-000003678      Stock-000003678]]>
            </line>
            <line>
              <![CDATA[you are in another url]]>
            </line>
            <line>
              <![CDATA[you are in another url]]>
            </line>
            <line>
              <![CDATA[Customer-00000013522     Customer-00000013522]]>
            </line>
          </reporter-output>
        </test-method> <!-- startTest -->
      </class> <!-- driverFactory.AppTest -->
    </test> <!-- Surefire test -->
  </suite> <!-- Surefire suite -->
</testng-results>
